c:\users\sai\source\repos\openglgameengine\x64\debug\vc143.pdb
c:\users\sai\source\repos\openglgameengine\x64\debug\vc143.idb
c:\users\sai\source\repos\openglgameengine\x64\debug\owindow.obj
c:\users\sai\source\repos\openglgameengine\x64\debug\main.obj
c:\users\sai\source\repos\openglgameengine\x64\debug\ogame.obj
c:\users\sai\source\repos\openglgameengine\x64\debug\ographicsengine.obj
c:\users\sai\source\repos\openglgameengine\x64\debug\glad.obj
c:\users\sai\source\repos\openglgameengine\x64\debug\glad_wgl.obj
c:\users\sai\source\repos\openglgameengine\x64\debug\oglgameengine.pdb
c:\users\sai\source\repos\openglgameengine\x64\debug\oglgameengine.tlog\cl.command.1.tlog
c:\users\sai\source\repos\openglgameengine\x64\debug\oglgameengine.tlog\cl.read.1.tlog
c:\users\sai\source\repos\openglgameengine\x64\debug\oglgameengine.tlog\cl.write.1.tlog
c:\users\sai\source\repos\openglgameengine\x64\debug\oglgameengine.tlog\link-cvtres.read.1.tlog
c:\users\sai\source\repos\openglgameengine\x64\debug\oglgameengine.tlog\link-cvtres.write.1.tlog
c:\users\sai\source\repos\openglgameengine\x64\debug\oglgameengine.tlog\link-rc.read.1.tlog
c:\users\sai\source\repos\openglgameengine\x64\debug\oglgameengine.tlog\link-rc.write.1.tlog
c:\users\sai\source\repos\openglgameengine\x64\debug\oglgameengine.tlog\link.command.1.tlog
c:\users\sai\source\repos\openglgameengine\x64\debug\oglgameengine.tlog\link.read.1.tlog
c:\users\sai\source\repos\openglgameengine\x64\debug\oglgameengine.tlog\link.read.2.tlog
c:\users\sai\source\repos\openglgameengine\x64\debug\oglgameengine.tlog\link.write.1.tlog
